\BOOKMARK [1][-]{section.1}{Introduction}{}% 1
\BOOKMARK [1][-]{section.2}{Introduction to pAQFT}{}% 2
\BOOKMARK [2][-]{subsection.2.1}{Basic definitions}{section.2}% 3
\BOOKMARK [2][-]{subsection.2.2}{Relation to the standard formulation of perturbative QFT}{section.2}% 4
\BOOKMARK [1][-]{section.3}{Analytic regularisation and minimal subtraction on curved spacetimes}{}% 5
\BOOKMARK [2][-]{subsection.3.1}{Analytic regularistion of time\205ordered products and the minimal subtraction scheme}{section.3}% 6
\BOOKMARK [2][-]{subsection.3.2}{Analytic regularisation of the Feynman propagator HF on curved spacetimes}{section.3}% 7
\BOOKMARK [2][-]{subsection.3.3}{Generalised Euler operators and principal parts of homogeneous expansions}{section.3}% 8
\BOOKMARK [3][-]{subsubsection.3.3.1}{The differential form of generalised Euler operators and homogeneous expansions of Feynman amplitudes}{subsection.3.3}% 9
\BOOKMARK [2][-]{subsection.3.4}{Properties of the minimal subtraction scheme}{section.3}% 10
\BOOKMARK [2][-]{subsection.3.5}{Examples}{section.3}% 11
\BOOKMARK [3][-]{subsubsection.3.5.1}{Computation of the renormalised fish and sunset graphs in our scheme}{subsection.3.5}% 12
\BOOKMARK [3][-]{subsubsection.3.5.2}{Alternative computation of the renormalised fish and sunset graphs}{subsection.3.5}% 13
\BOOKMARK [3][-]{subsubsection.3.5.3}{A more complicated graph}{subsection.3.5}% 14
\BOOKMARK [1][-]{section.4}{Explicit computations in cosmological spacetimes}{}% 15
\BOOKMARK [2][-]{subsection.4.1}{Propagators in Fourier space}{section.4}% 16
\BOOKMARK [2][-]{subsection.4.2}{The renormalised fish and sunset graphs in Fourier space}{section.4}% 17
\BOOKMARK [2][-]{subsection.4.3}{Example: the two-point function for a quartic potential up to second order}{section.4}% 18
\BOOKMARK [2][-]{subsection.4.4}{More complicated graphs on cosmological spacetimes}{section.4}% 19
\BOOKMARK [1][-]{section.5}{Summary and outlook}{}% 20
\BOOKMARK [1][-]{appendix.A}{Conventions and computational details}{}% 21
\BOOKMARK [2][-]{subsection.A.1}{Propagators of the free Klein\205Gordon field and their relations}{appendix.A}% 22
\BOOKMARK [2][-]{subsection.A.2}{Fourier transform of the logarithmic term on Minkowski spacetime}{appendix.A}% 23
